<component name="libraryTable">
  <library name="junit">
    <CLASSES>
      <root url="file://$USER_HOME$" />
    </CLASSES>
    <JAVADOC />
    <SOURCES />
  </library>
</component>